0 info it worked if it ends with ok
1 verbose cli [ 'C:\\Program Files\\nodejs\\\\node.exe',
1 verbose cli   'C:\\Program Files\\nodejs\\node_modules\\npm\\bin\\npm-cli.js',
1 verbose cli   'install',
1 verbose cli   'bcrypt',
1 verbose cli   '--save' ]
2 info using npm@2.10.1
3 info using node@v0.12.4
4 verbose install initial load of C:\Users\Mitch Webster\Documents\GT III\ExspressoBackend\package.json
5 verbose installManyTop reading scoped package data from C:\Users\Mitch Webster\Documents\GT III\ExspressoBackend\node_modules\body-parser\package.json
6 verbose installManyTop reading scoped package data from C:\Users\Mitch Webster\Documents\GT III\ExspressoBackend\node_modules\cookie-parser\package.json
7 verbose installManyTop reading scoped package data from C:\Users\Mitch Webster\Documents\GT III\ExspressoBackend\node_modules\debug\package.json
8 verbose installManyTop reading scoped package data from C:\Users\Mitch Webster\Documents\GT III\ExspressoBackend\node_modules\express\package.json
9 verbose installManyTop reading scoped package data from C:\Users\Mitch Webster\Documents\GT III\ExspressoBackend\node_modules\jade\package.json
10 verbose installManyTop reading scoped package data from C:\Users\Mitch Webster\Documents\GT III\ExspressoBackend\node_modules\morgan\package.json
11 verbose installManyTop reading scoped package data from C:\Users\Mitch Webster\Documents\GT III\ExspressoBackend\node_modules\serve-favicon\package.json
12 verbose readDependencies loading dependencies from C:\Users\Mitch Webster\Documents\GT III\ExspressoBackend\package.json
13 silly cache add args [ 'bcrypt', null ]
14 verbose cache add spec bcrypt
15 silly cache add parsed spec { raw: 'bcrypt',
15 silly cache add   scope: null,
15 silly cache add   name: 'bcrypt',
15 silly cache add   rawSpec: '',
15 silly cache add   spec: '*',
15 silly cache add   type: 'range' }
16 silly addNamed bcrypt@*
17 verbose addNamed "*" is a valid semver range for bcrypt
18 silly addNameRange { name: 'bcrypt', range: '*', hasData: false }
19 silly mapToRegistry name bcrypt
20 silly mapToRegistry using default registry
21 silly mapToRegistry registry https://registry.npmjs.org/
22 silly mapToRegistry uri https://registry.npmjs.org/bcrypt
23 verbose addNameRange registry:https://registry.npmjs.org/bcrypt not in flight; fetching
24 verbose request uri https://registry.npmjs.org/bcrypt
25 verbose request no auth needed
26 info attempt registry request try #1 at 11:10:40 PM
27 verbose request id 2c1acd9fdd75a991
28 http request GET https://registry.npmjs.org/bcrypt
29 http 200 https://registry.npmjs.org/bcrypt
30 silly get cb [ 200,
30 silly get   { server: 'CouchDB/1.5.0 (Erlang OTP/R16B03)',
30 silly get     etag: '"2SIZ6HDILW3EZ37TCLKYBPSJM"',
30 silly get     'content-type': 'application/json',
30 silly get     'cache-control': 'max-age=60',
30 silly get     'content-length': '74126',
30 silly get     'accept-ranges': 'bytes',
30 silly get     date: 'Sat, 26 Sep 2015 03:10:40 GMT',
30 silly get     via: '1.1 varnish',
30 silly get     age: '0',
30 silly get     connection: 'keep-alive',
30 silly get     'x-served-by': 'cache-atl6234-ATL',
30 silly get     'x-cache': 'HIT',
30 silly get     'x-cache-hits': '1',
30 silly get     'x-timer': 'S1443237040.313090,VS0,VE27',
30 silly get     vary: 'Accept' } ]
31 verbose get saving bcrypt to C:\Users\Mitch Webster\AppData\Roaming\npm-cache\registry.npmjs.org\bcrypt\.cache.json
32 silly addNameRange number 2 { name: 'bcrypt', range: '*', hasData: true }
33 silly addNameRange versions [ 'bcrypt',
33 silly addNameRange   [ '0.1.2',
33 silly addNameRange     '0.2.0',
33 silly addNameRange     '0.2.1',
33 silly addNameRange     '0.1.3',
33 silly addNameRange     '0.2.2',
33 silly addNameRange     '0.2.3',
33 silly addNameRange     '0.2.4',
33 silly addNameRange     '0.3.0',
33 silly addNameRange     '0.3.1',
33 silly addNameRange     '0.3.2',
33 silly addNameRange     '0.4.0',
33 silly addNameRange     '0.4.1',
33 silly addNameRange     '0.5.0',
33 silly addNameRange     '0.6.0',
33 silly addNameRange     '0.7.0',
33 silly addNameRange     '0.7.1',
33 silly addNameRange     '0.7.2',
33 silly addNameRange     '0.7.3',
33 silly addNameRange     '0.7.4',
33 silly addNameRange     '0.7.5',
33 silly addNameRange     '0.7.6',
33 silly addNameRange     '0.7.7',
33 silly addNameRange     '0.7.8',
33 silly addNameRange     '0.8.0',
33 silly addNameRange     '0.8.1',
33 silly addNameRange     '0.8.2',
33 silly addNameRange     '0.8.3',
33 silly addNameRange     '0.8.4',
33 silly addNameRange     '0.8.5' ] ]
34 silly addNamed bcrypt@0.8.5
35 verbose addNamed "0.8.5" is a plain semver version for bcrypt
36 silly mapToRegistry name bcrypt
37 silly mapToRegistry using default registry
38 silly mapToRegistry registry https://registry.npmjs.org/
39 silly mapToRegistry uri https://registry.npmjs.org/bcrypt
40 verbose addRemoteTarball https://registry.npmjs.org/bcrypt/-/bcrypt-0.8.5.tgz not in flight; adding
41 verbose addRemoteTarball [ 'https://registry.npmjs.org/bcrypt/-/bcrypt-0.8.5.tgz',
41 verbose addRemoteTarball   '8e5b81b4db80e944f440005979ca8d58a961861d' ]
42 info retry fetch attempt 1 at 11:10:40 PM
43 info attempt registry request try #1 at 11:10:40 PM
44 http fetch GET https://registry.npmjs.org/bcrypt/-/bcrypt-0.8.5.tgz
45 http fetch 200 https://registry.npmjs.org/bcrypt/-/bcrypt-0.8.5.tgz
46 silly fetchAndShaCheck shasum 8e5b81b4db80e944f440005979ca8d58a961861d
47 verbose addTmpTarball C:\Users\MITCHW~1\AppData\Local\Temp\npm-11872-b7088e74\registry.npmjs.org\bcrypt\-\bcrypt-0.8.5.tgz not in flight; adding
48 verbose addTmpTarball already have metadata; skipping unpack for bcrypt@0.8.5
49 silly cache afterAdd bcrypt@0.8.5
50 verbose afterAdd C:\Users\Mitch Webster\AppData\Roaming\npm-cache\bcrypt\0.8.5\package\package.json not in flight; writing
51 verbose afterAdd C:\Users\Mitch Webster\AppData\Roaming\npm-cache\bcrypt\0.8.5\package\package.json written
52 silly install resolved [ { name: 'bcrypt',
52 silly install resolved     description: 'A bcrypt library for NodeJS.',
52 silly install resolved     keywords:
52 silly install resolved      [ 'bcrypt',
52 silly install resolved        'password',
52 silly install resolved        'auth',
52 silly install resolved        'authentication',
52 silly install resolved        'encryption',
52 silly install resolved        'crypt',
52 silly install resolved        'crypto' ],
52 silly install resolved     main: './bcrypt',
52 silly install resolved     version: '0.8.5',
52 silly install resolved     author: { name: 'Nick Campbell', url: 'https://github.com/ncb000gt' },
52 silly install resolved     engines: { node: '>= 0.6.0' },
52 silly install resolved     repository:
52 silly install resolved      { type: 'git',
52 silly install resolved        url: 'git+https://github.com/ncb000gt/node.bcrypt.js.git' },
52 silly install resolved     license: 'MIT',
52 silly install resolved     bugs: { url: 'https://github.com/ncb000gt/node.bcrypt.js/issues' },
52 silly install resolved     scripts:
52 silly install resolved      { test: 'node-gyp configure build && nodeunit test',
52 silly install resolved        install: 'node-gyp rebuild' },
52 silly install resolved     dependencies: { bindings: '1.2.1', nan: '2.0.5' },
52 silly install resolved     devDependencies: { nodeunit: '~0.9.1' },
52 silly install resolved     contributors:
52 silly install resolved      [ [Object],
52 silly install resolved        [Object],
52 silly install resolved        [Object],
52 silly install resolved        [Object],
52 silly install resolved        [Object],
52 silly install resolved        [Object],
52 silly install resolved        [Object],
52 silly install resolved        [Object],
52 silly install resolved        [Object],
52 silly install resolved        [Object],
52 silly install resolved        [Object],
52 silly install resolved        [Object],
52 silly install resolved        [Object],
52 silly install resolved        [Object] ],
52 silly install resolved     gypfile: true,
52 silly install resolved     gitHead: '5d97708f06754d7d7989c67ba867002d10013615',
52 silly install resolved     homepage: 'https://github.com/ncb000gt/node.bcrypt.js#readme',
52 silly install resolved     _id: 'bcrypt@0.8.5',
52 silly install resolved     _shasum: '8e5b81b4db80e944f440005979ca8d58a961861d',
52 silly install resolved     _from: 'bcrypt@*',
52 silly install resolved     _npmVersion: '2.13.3',
52 silly install resolved     _nodeVersion: '3.0.0',
52 silly install resolved     _npmUser: { name: 'defunctzombie', email: 'shtylman@gmail.com' },
52 silly install resolved     dist:
52 silly install resolved      { shasum: '8e5b81b4db80e944f440005979ca8d58a961861d',
52 silly install resolved        tarball: 'http://registry.npmjs.org/bcrypt/-/bcrypt-0.8.5.tgz' },
52 silly install resolved     maintainers: [ [Object], [Object], [Object], [Object] ],
52 silly install resolved     directories: {},
52 silly install resolved     _resolved: 'https://registry.npmjs.org/bcrypt/-/bcrypt-0.8.5.tgz' } ]
53 info install bcrypt@0.8.5 into C:\Users\Mitch Webster\Documents\GT III\ExspressoBackend
54 info installOne bcrypt@0.8.5
55 verbose installOne of bcrypt to C:\Users\Mitch Webster\Documents\GT III\ExspressoBackend not in flight; installing
56 verbose lock using C:\Users\Mitch Webster\AppData\Roaming\npm-cache\_locks\bcrypt-3e01f01dffd24b23.lock for C:\Users\Mitch Webster\Documents\GT III\ExspressoBackend\node_modules\bcrypt
57 silly install write writing bcrypt 0.8.5 to C:\Users\Mitch Webster\Documents\GT III\ExspressoBackend\node_modules\bcrypt
58 verbose unbuild node_modules\bcrypt
59 silly gentlyRm C:\Users\Mitch Webster\Documents\GT III\ExspressoBackend\node_modules\bcrypt is being purged from base C:\Users\Mitch Webster\Documents\GT III\ExspressoBackend
60 verbose gentlyRm don't care about contents; nuking C:\Users\Mitch Webster\Documents\GT III\ExspressoBackend\node_modules\bcrypt
61 verbose tar unpack C:\Users\Mitch Webster\AppData\Roaming\npm-cache\bcrypt\0.8.5\package.tgz
62 verbose tar unpacking to C:\Users\Mitch Webster\Documents\GT III\ExspressoBackend\node_modules\bcrypt
63 silly gentlyRm C:\Users\Mitch Webster\Documents\GT III\ExspressoBackend\node_modules\bcrypt is being purged
64 verbose gentlyRm don't care about contents; nuking C:\Users\Mitch Webster\Documents\GT III\ExspressoBackend\node_modules\bcrypt
65 silly gunzTarPerm modes [ '777', '666' ]
66 silly gunzTarPerm extractEntry package.json
67 silly gunzTarPerm modified mode [ 'package.json', 420, 438 ]
68 silly gunzTarPerm extractEntry .npmignore
69 silly gunzTarPerm modified mode [ '.npmignore', 420, 438 ]
70 silly gunzTarPerm extractEntry README.md
71 silly gunzTarPerm modified mode [ 'README.md', 420, 438 ]
72 silly gunzTarPerm extractEntry LICENSE
73 silly gunzTarPerm modified mode [ 'LICENSE', 420, 438 ]
74 silly gunzTarPerm extractEntry bcrypt.js
75 silly gunzTarPerm modified mode [ 'bcrypt.js', 420, 438 ]
76 silly gunzTarPerm extractEntry binding.gyp
77 silly gunzTarPerm modified mode [ 'binding.gyp', 420, 438 ]
78 silly gunzTarPerm extractEntry .travis.yml
79 silly gunzTarPerm modified mode [ '.travis.yml', 420, 438 ]
80 silly gunzTarPerm extractEntry CHANGELOG.md
81 silly gunzTarPerm modified mode [ 'CHANGELOG.md', 420, 438 ]
82 silly gunzTarPerm extractEntry examples/async_compare.js
83 silly gunzTarPerm modified mode [ 'examples/async_compare.js', 420, 438 ]
84 silly gunzTarPerm extractEntry examples/forever_gen_salt.js
85 silly gunzTarPerm modified mode [ 'examples/forever_gen_salt.js', 420, 438 ]
86 silly gunzTarPerm extractEntry test/async.js
87 silly gunzTarPerm modified mode [ 'test/async.js', 420, 438 ]
88 silly gunzTarPerm extractEntry test/repetitions.js
89 silly gunzTarPerm modified mode [ 'test/repetitions.js', 420, 438 ]
90 silly gunzTarPerm extractEntry test/sync.js
91 silly gunzTarPerm modified mode [ 'test/sync.js', 420, 438 ]
92 silly gunzTarPerm extractEntry Makefile
93 silly gunzTarPerm modified mode [ 'Makefile', 420, 438 ]
94 silly gunzTarPerm extractEntry src/bcrypt.cc
95 silly gunzTarPerm modified mode [ 'src/bcrypt.cc', 420, 438 ]
96 silly gunzTarPerm extractEntry src/bcrypt_node.cc
97 silly gunzTarPerm modified mode [ 'src/bcrypt_node.cc', 420, 438 ]
98 silly gunzTarPerm extractEntry src/blowfish.cc
99 silly gunzTarPerm modified mode [ 'src/blowfish.cc', 420, 438 ]
100 silly gunzTarPerm extractEntry src/node_blf.h
101 silly gunzTarPerm modified mode [ 'src/node_blf.h', 420, 438 ]
102 silly gunzTarPerm extractEntry werker.yml
103 silly gunzTarPerm modified mode [ 'werker.yml', 420, 438 ]
104 verbose write writing to C:\Users\Mitch Webster\Documents\GT III\ExspressoBackend\node_modules\bcrypt\package.json
105 info preinstall bcrypt@0.8.5
106 verbose readDependencies loading dependencies from C:\Users\Mitch Webster\Documents\GT III\ExspressoBackend\node_modules\bcrypt\package.json
107 silly prepareForInstallMany adding bindings@1.2.1 from bcrypt dependencies
108 silly prepareForInstallMany adding nan@2.0.5 from bcrypt dependencies
109 verbose readDependencies loading dependencies from C:\Users\Mitch Webster\Documents\GT III\ExspressoBackend\node_modules\bcrypt\package.json
110 silly cache add args [ 'nan@2.0.5', null ]
111 verbose cache add spec nan@2.0.5
112 silly cache add parsed spec { raw: 'nan@2.0.5',
112 silly cache add   scope: null,
112 silly cache add   name: 'nan',
112 silly cache add   rawSpec: '2.0.5',
112 silly cache add   spec: '2.0.5',
112 silly cache add   type: 'version' }
113 silly addNamed nan@2.0.5
114 verbose addNamed "2.0.5" is a plain semver version for nan
115 silly mapToRegistry name nan
116 silly mapToRegistry using default registry
117 silly mapToRegistry registry https://registry.npmjs.org/
118 silly mapToRegistry uri https://registry.npmjs.org/nan
119 verbose addNameVersion registry:https://registry.npmjs.org/nan not in flight; fetching
120 silly cache add args [ 'bindings@1.2.1', null ]
121 verbose cache add spec bindings@1.2.1
122 silly cache add parsed spec { raw: 'bindings@1.2.1',
122 silly cache add   scope: null,
122 silly cache add   name: 'bindings',
122 silly cache add   rawSpec: '1.2.1',
122 silly cache add   spec: '1.2.1',
122 silly cache add   type: 'version' }
123 silly addNamed bindings@1.2.1
124 verbose addNamed "1.2.1" is a plain semver version for bindings
125 silly mapToRegistry name bindings
126 silly mapToRegistry using default registry
127 silly mapToRegistry registry https://registry.npmjs.org/
128 silly mapToRegistry uri https://registry.npmjs.org/bindings
129 verbose addNameVersion registry:https://registry.npmjs.org/bindings not in flight; fetching
130 verbose request uri https://registry.npmjs.org/bindings
131 verbose request no auth needed
132 info attempt registry request try #1 at 11:10:41 PM
133 http request GET https://registry.npmjs.org/bindings
134 verbose request uri https://registry.npmjs.org/nan
135 verbose request no auth needed
136 info attempt registry request try #1 at 11:10:41 PM
137 verbose etag "1E9ZPWSY0D5J95SNERYY3JUEX"
138 http request GET https://registry.npmjs.org/nan
139 http 200 https://registry.npmjs.org/bindings
140 silly get cb [ 200,
140 silly get   { server: 'CouchDB/1.5.0 (Erlang OTP/R16B03)',
140 silly get     etag: '"547Q3C60W4DUGPOZ65YOO6930"',
140 silly get     'content-type': 'application/json',
140 silly get     'cache-control': 'max-age=60',
140 silly get     'content-length': '18018',
140 silly get     'accept-ranges': 'bytes',
140 silly get     date: 'Sat, 26 Sep 2015 03:10:40 GMT',
140 silly get     via: '1.1 varnish',
140 silly get     age: '7',
140 silly get     connection: 'keep-alive',
140 silly get     'x-served-by': 'cache-atl6228-ATL',
140 silly get     'x-cache': 'HIT',
140 silly get     'x-cache-hits': '1',
140 silly get     'x-timer': 'S1443237040.959989,VS0,VE1',
140 silly get     vary: 'Accept' } ]
141 verbose get saving bindings to C:\Users\Mitch Webster\AppData\Roaming\npm-cache\registry.npmjs.org\bindings\.cache.json
142 silly mapToRegistry name bindings
143 silly mapToRegistry using default registry
144 silly mapToRegistry registry https://registry.npmjs.org/
145 silly mapToRegistry uri https://registry.npmjs.org/bindings
146 verbose addRemoteTarball https://registry.npmjs.org/bindings/-/bindings-1.2.1.tgz not in flight; adding
147 verbose addRemoteTarball [ 'https://registry.npmjs.org/bindings/-/bindings-1.2.1.tgz',
147 verbose addRemoteTarball   '14ad6113812d2d37d72e67b4cacb4bb726505f11' ]
148 info retry fetch attempt 1 at 11:10:41 PM
149 info attempt registry request try #1 at 11:10:41 PM
150 http fetch GET https://registry.npmjs.org/bindings/-/bindings-1.2.1.tgz
151 http 200 https://registry.npmjs.org/nan
152 silly get cb [ 200,
152 silly get   { server: 'CouchDB/1.5.0 (Erlang OTP/R16B03)',
152 silly get     etag: '"1L4RU1AM541YSVP1YQFXG1Y1J"',
152 silly get     'content-type': 'application/json',
152 silly get     'cache-control': 'max-age=60',
152 silly get     'content-length': '97849',
152 silly get     'accept-ranges': 'bytes',
152 silly get     date: 'Sat, 26 Sep 2015 03:10:40 GMT',
152 silly get     via: '1.1 varnish',
152 silly get     age: '19',
152 silly get     connection: 'keep-alive',
152 silly get     'x-served-by': 'cache-atl6226-ATL',
152 silly get     'x-cache': 'HIT',
152 silly get     'x-cache-hits': '1',
152 silly get     'x-timer': 'S1443237040.983974,VS0,VE1',
152 silly get     vary: 'Accept' } ]
153 verbose get saving nan to C:\Users\Mitch Webster\AppData\Roaming\npm-cache\registry.npmjs.org\nan\.cache.json
154 silly mapToRegistry name nan
155 silly mapToRegistry using default registry
156 silly mapToRegistry registry https://registry.npmjs.org/
157 silly mapToRegistry uri https://registry.npmjs.org/nan
158 verbose addRemoteTarball https://registry.npmjs.org/nan/-/nan-2.0.5.tgz not in flight; adding
159 verbose addRemoteTarball [ 'https://registry.npmjs.org/nan/-/nan-2.0.5.tgz',
159 verbose addRemoteTarball   '365888014be1fd178db0cbfa258edf7b0cb1c408' ]
160 info retry fetch attempt 1 at 11:10:41 PM
161 info attempt registry request try #1 at 11:10:41 PM
162 http fetch GET https://registry.npmjs.org/nan/-/nan-2.0.5.tgz
163 http fetch 200 https://registry.npmjs.org/bindings/-/bindings-1.2.1.tgz
164 silly fetchAndShaCheck shasum 14ad6113812d2d37d72e67b4cacb4bb726505f11
165 verbose addTmpTarball C:\Users\MITCHW~1\AppData\Local\Temp\npm-11872-b7088e74\registry.npmjs.org\bindings\-\bindings-1.2.1.tgz not in flight; adding
166 verbose addTmpTarball already have metadata; skipping unpack for bindings@1.2.1
167 silly cache afterAdd bindings@1.2.1
168 verbose afterAdd C:\Users\Mitch Webster\AppData\Roaming\npm-cache\bindings\1.2.1\package\package.json not in flight; writing
169 verbose afterAdd C:\Users\Mitch Webster\AppData\Roaming\npm-cache\bindings\1.2.1\package\package.json written
170 http fetch 200 https://registry.npmjs.org/nan/-/nan-2.0.5.tgz
171 silly fetchAndShaCheck shasum 365888014be1fd178db0cbfa258edf7b0cb1c408
172 verbose addTmpTarball C:\Users\MITCHW~1\AppData\Local\Temp\npm-11872-b7088e74\registry.npmjs.org\nan\-\nan-2.0.5.tgz not in flight; adding
173 verbose addTmpTarball already have metadata; skipping unpack for nan@2.0.5
174 silly cache afterAdd nan@2.0.5
175 verbose afterAdd C:\Users\Mitch Webster\AppData\Roaming\npm-cache\nan\2.0.5\package\package.json not in flight; writing
176 verbose afterAdd C:\Users\Mitch Webster\AppData\Roaming\npm-cache\nan\2.0.5\package\package.json written
177 silly install resolved [ { name: 'bindings',
177 silly install resolved     description: 'Helper module for loading your native module\'s .node file',
177 silly install resolved     keywords: [ 'native', 'addon', 'bindings', 'gyp', 'waf', 'c', 'c++' ],
177 silly install resolved     version: '1.2.1',
177 silly install resolved     author:
177 silly install resolved      { name: 'Nathan Rajlich',
177 silly install resolved        email: 'nathan@tootallnate.net',
177 silly install resolved        url: 'http://tootallnate.net' },
177 silly install resolved     repository:
177 silly install resolved      { type: 'git',
177 silly install resolved        url: 'git://github.com/TooTallNate/node-bindings.git' },
177 silly install resolved     main: './bindings.js',
177 silly install resolved     bugs: { url: 'https://github.com/TooTallNate/node-bindings/issues' },
177 silly install resolved     homepage: 'https://github.com/TooTallNate/node-bindings',
177 silly install resolved     license: 'MIT',
177 silly install resolved     gitHead: 'e404152ee27f8478ccbc7122ee051246e8e5ec02',
177 silly install resolved     _id: 'bindings@1.2.1',
177 silly install resolved     scripts: {},
177 silly install resolved     _shasum: '14ad6113812d2d37d72e67b4cacb4bb726505f11',
177 silly install resolved     _from: 'bindings@1.2.1',
177 silly install resolved     _npmVersion: '1.4.14',
177 silly install resolved     _npmUser: { name: 'tootallnate', email: 'nathan@tootallnate.net' },
177 silly install resolved     maintainers: [ [Object], [Object] ],
177 silly install resolved     dist:
177 silly install resolved      { shasum: '14ad6113812d2d37d72e67b4cacb4bb726505f11',
177 silly install resolved        tarball: 'http://registry.npmjs.org/bindings/-/bindings-1.2.1.tgz' },
177 silly install resolved     directories: {},
177 silly install resolved     _resolved: 'https://registry.npmjs.org/bindings/-/bindings-1.2.1.tgz' },
177 silly install resolved   { name: 'nan',
177 silly install resolved     version: '2.0.5',
177 silly install resolved     description: 'Native Abstractions for Node.js: C++ header for Node 0.8->0.12 compatibility',
177 silly install resolved     main: 'include_dirs.js',
177 silly install resolved     repository: { type: 'git', url: 'git://github.com/nodejs/nan.git' },
177 silly install resolved     scripts:
177 silly install resolved      { test: 'tap --gc test/js/*-test.js',
177 silly install resolved        'rebuild-tests': 'pangyp rebuild --msvs_version=2013 --directory test',
177 silly install resolved        docs: 'doc/.build.sh' },
177 silly install resolved     contributors:
177 silly install resolved      [ [Object],
177 silly install resolved        [Object],
177 silly install resolved        [Object],
177 silly install resolved        [Object],
177 silly install resolved        [Object],
177 silly install resolved        [Object],
177 silly install resolved        [Object] ],
177 silly install resolved     devDependencies:
177 silly install resolved      { bindings: '~1.2.1',
177 silly install resolved        'node-gyp': '~2.0.2',
177 silly install resolved        pangyp: '~2.2.0',
177 silly install resolved        tap: '~0.7.1',
177 silly install resolved        xtend: '~4.0.0' },
177 silly install resolved     license: 'MIT',
177 silly install resolved     gitHead: 'd13a2e9ce762fd130877b53c71d35963fa2cf689',
177 silly install resolved     bugs: { url: 'https://github.com/nodejs/nan/issues' },
177 silly install resolved     homepage: 'https://github.com/nodejs/nan#readme',
177 silly install resolved     _id: 'nan@2.0.5',
177 silly install resolved     _shasum: '365888014be1fd178db0cbfa258edf7b0cb1c408',
177 silly install resolved     _from: 'nan@2.0.5',
177 silly install resolved     _npmVersion: '2.13.3',
177 silly install resolved     _nodeVersion: '3.0.0',
177 silly install resolved     _npmUser: { name: 'kkoopa', email: 'bbyholm@abo.fi' },
177 silly install resolved     maintainers: [ [Object], [Object] ],
177 silly install resolved     dist:
177 silly install resolved      { shasum: '365888014be1fd178db0cbfa258edf7b0cb1c408',
177 silly install resolved        tarball: 'http://registry.npmjs.org/nan/-/nan-2.0.5.tgz' },
177 silly install resolved     directories: {},
177 silly install resolved     _resolved: 'https://registry.npmjs.org/nan/-/nan-2.0.5.tgz' } ]
178 info install bindings@1.2.1 into C:\Users\Mitch Webster\Documents\GT III\ExspressoBackend\node_modules\bcrypt
179 info install nan@2.0.5 into C:\Users\Mitch Webster\Documents\GT III\ExspressoBackend\node_modules\bcrypt
180 info installOne bindings@1.2.1
181 verbose installOne of bindings to C:\Users\Mitch Webster\Documents\GT III\ExspressoBackend\node_modules\bcrypt not in flight; installing
182 info installOne nan@2.0.5
183 verbose installOne of nan to C:\Users\Mitch Webster\Documents\GT III\ExspressoBackend\node_modules\bcrypt not in flight; installing
184 verbose lock using C:\Users\Mitch Webster\AppData\Roaming\npm-cache\_locks\bindings-751b720e065413e8.lock for C:\Users\Mitch Webster\Documents\GT III\ExspressoBackend\node_modules\bcrypt\node_modules\bindings
185 silly install write writing bindings 1.2.1 to C:\Users\Mitch Webster\Documents\GT III\ExspressoBackend\node_modules\bcrypt\node_modules\bindings
186 verbose lock using C:\Users\Mitch Webster\AppData\Roaming\npm-cache\_locks\nan-165c3dab3b0ac464.lock for C:\Users\Mitch Webster\Documents\GT III\ExspressoBackend\node_modules\bcrypt\node_modules\nan
187 silly install write writing nan 2.0.5 to C:\Users\Mitch Webster\Documents\GT III\ExspressoBackend\node_modules\bcrypt\node_modules\nan
188 verbose unbuild node_modules\bcrypt\node_modules\bindings
189 silly gentlyRm C:\Users\Mitch Webster\Documents\GT III\ExspressoBackend\node_modules\bcrypt\node_modules\bindings is being purged from base C:\Users\Mitch Webster\Documents\GT III\ExspressoBackend
190 verbose gentlyRm don't care about contents; nuking C:\Users\Mitch Webster\Documents\GT III\ExspressoBackend\node_modules\bcrypt\node_modules\bindings
191 verbose unbuild node_modules\bcrypt\node_modules\nan
192 verbose tar unpack C:\Users\Mitch Webster\AppData\Roaming\npm-cache\bindings\1.2.1\package.tgz
193 verbose tar unpacking to C:\Users\Mitch Webster\Documents\GT III\ExspressoBackend\node_modules\bcrypt\node_modules\bindings
194 silly gentlyRm C:\Users\Mitch Webster\Documents\GT III\ExspressoBackend\node_modules\bcrypt\node_modules\bindings is being purged
195 verbose gentlyRm don't care about contents; nuking C:\Users\Mitch Webster\Documents\GT III\ExspressoBackend\node_modules\bcrypt\node_modules\bindings
196 silly gunzTarPerm modes [ '777', '666' ]
197 silly gentlyRm C:\Users\Mitch Webster\Documents\GT III\ExspressoBackend\node_modules\bcrypt\node_modules\nan is being purged from base C:\Users\Mitch Webster\Documents\GT III\ExspressoBackend
198 verbose gentlyRm don't care about contents; nuking C:\Users\Mitch Webster\Documents\GT III\ExspressoBackend\node_modules\bcrypt\node_modules\nan
199 verbose tar unpack C:\Users\Mitch Webster\AppData\Roaming\npm-cache\nan\2.0.5\package.tgz
200 verbose tar unpacking to C:\Users\Mitch Webster\Documents\GT III\ExspressoBackend\node_modules\bcrypt\node_modules\nan
201 silly gentlyRm C:\Users\Mitch Webster\Documents\GT III\ExspressoBackend\node_modules\bcrypt\node_modules\nan is being purged
202 verbose gentlyRm don't care about contents; nuking C:\Users\Mitch Webster\Documents\GT III\ExspressoBackend\node_modules\bcrypt\node_modules\nan
203 silly gunzTarPerm modes [ '777', '666' ]
204 silly gunzTarPerm extractEntry package.json
205 silly gunzTarPerm modified mode [ 'package.json', 420, 438 ]
206 silly gunzTarPerm extractEntry package.json
207 silly gunzTarPerm modified mode [ 'package.json', 436, 438 ]
208 silly gunzTarPerm extractEntry README.md
209 silly gunzTarPerm modified mode [ 'README.md', 420, 438 ]
210 silly gunzTarPerm extractEntry bindings.js
211 silly gunzTarPerm modified mode [ 'bindings.js', 420, 438 ]
212 silly gunzTarPerm extractEntry README.md
213 silly gunzTarPerm modified mode [ 'README.md', 436, 438 ]
214 silly gunzTarPerm extractEntry include_dirs.js
215 silly gunzTarPerm modified mode [ 'include_dirs.js', 436, 438 ]
216 silly gunzTarPerm extractEntry nan_converters.h
217 silly gunzTarPerm modified mode [ 'nan_converters.h', 436, 438 ]
218 silly gunzTarPerm extractEntry LICENSE.md
219 silly gunzTarPerm modified mode [ 'LICENSE.md', 436, 438 ]
220 silly gunzTarPerm extractEntry .dntrc
221 silly gunzTarPerm modified mode [ '.dntrc', 436, 438 ]
222 silly gunzTarPerm extractEntry appveyor.yml
223 silly gunzTarPerm modified mode [ 'appveyor.yml', 436, 438 ]
224 silly gunzTarPerm extractEntry doc/new.md
225 silly gunzTarPerm modified mode [ 'doc/new.md', 436, 438 ]
226 silly gunzTarPerm extractEntry doc/.build.sh
227 silly gunzTarPerm modified mode [ 'doc/.build.sh', 509, 511 ]
228 verbose write writing to C:\Users\Mitch Webster\Documents\GT III\ExspressoBackend\node_modules\bcrypt\node_modules\bindings\package.json
229 silly gunzTarPerm extractEntry doc/buffers.md
230 silly gunzTarPerm modified mode [ 'doc/buffers.md', 436, 438 ]
231 silly gunzTarPerm extractEntry doc/callback.md
232 silly gunzTarPerm modified mode [ 'doc/callback.md', 436, 438 ]
233 info preinstall bindings@1.2.1
234 verbose readDependencies loading dependencies from C:\Users\Mitch Webster\Documents\GT III\ExspressoBackend\node_modules\bcrypt\node_modules\bindings\package.json
235 silly gunzTarPerm extractEntry doc/converters.md
236 silly gunzTarPerm modified mode [ 'doc/converters.md', 436, 438 ]
237 silly gunzTarPerm extractEntry doc/errors.md
238 silly gunzTarPerm modified mode [ 'doc/errors.md', 436, 438 ]
239 verbose readDependencies loading dependencies from C:\Users\Mitch Webster\Documents\GT III\ExspressoBackend\node_modules\bcrypt\node_modules\bindings\package.json
240 silly install resolved []
241 verbose about to build C:\Users\Mitch Webster\Documents\GT III\ExspressoBackend\node_modules\bcrypt\node_modules\bindings
242 info build C:\Users\Mitch Webster\Documents\GT III\ExspressoBackend\node_modules\bcrypt\node_modules\bindings
243 silly gunzTarPerm extractEntry doc/maybe_types.md
244 silly gunzTarPerm modified mode [ 'doc/maybe_types.md', 436, 438 ]
245 silly gunzTarPerm extractEntry doc/methods.md
246 silly gunzTarPerm modified mode [ 'doc/methods.md', 436, 438 ]
247 info linkStuff bindings@1.2.1
248 silly linkStuff bindings@1.2.1 has C:\Users\Mitch Webster\Documents\GT III\ExspressoBackend\node_modules\bcrypt\node_modules as its parent node_modules
249 verbose linkBins bindings@1.2.1
250 verbose linkMans bindings@1.2.1
251 verbose rebuildBundles bindings@1.2.1
252 silly gunzTarPerm extractEntry doc/asyncworker.md
253 silly gunzTarPerm modified mode [ 'doc/asyncworker.md', 436, 438 ]
254 silly gunzTarPerm extractEntry doc/node_misc.md
255 silly gunzTarPerm modified mode [ 'doc/node_misc.md', 436, 438 ]
256 info install bindings@1.2.1
257 info postinstall bindings@1.2.1
258 verbose unlock done using C:\Users\Mitch Webster\AppData\Roaming\npm-cache\_locks\bindings-751b720e065413e8.lock for C:\Users\Mitch Webster\Documents\GT III\ExspressoBackend\node_modules\bcrypt\node_modules\bindings
259 silly gunzTarPerm extractEntry doc/persistent.md
260 silly gunzTarPerm modified mode [ 'doc/persistent.md', 436, 438 ]
261 silly gunzTarPerm extractEntry doc/scopes.md
262 silly gunzTarPerm modified mode [ 'doc/scopes.md', 436, 438 ]
263 silly gunzTarPerm extractEntry doc/script.md
264 silly gunzTarPerm modified mode [ 'doc/script.md', 436, 438 ]
265 silly gunzTarPerm extractEntry doc/string_bytes.md
266 silly gunzTarPerm modified mode [ 'doc/string_bytes.md', 436, 438 ]
267 silly gunzTarPerm extractEntry doc/v8_internals.md
268 silly gunzTarPerm modified mode [ 'doc/v8_internals.md', 436, 438 ]
269 silly gunzTarPerm extractEntry doc/v8_misc.md
270 silly gunzTarPerm modified mode [ 'doc/v8_misc.md', 436, 438 ]
271 silly gunzTarPerm extractEntry nan.h
272 silly gunzTarPerm modified mode [ 'nan.h', 436, 438 ]
273 silly gunzTarPerm extractEntry nan_callbacks.h
274 silly gunzTarPerm modified mode [ 'nan_callbacks.h', 436, 438 ]
275 silly gunzTarPerm extractEntry nan_callbacks_12_inl.h
276 silly gunzTarPerm modified mode [ 'nan_callbacks_12_inl.h', 436, 438 ]
277 silly gunzTarPerm extractEntry nan_callbacks_pre_12_inl.h
278 silly gunzTarPerm modified mode [ 'nan_callbacks_pre_12_inl.h', 436, 438 ]
279 silly gunzTarPerm extractEntry nan_converters_43_inl.h
280 silly gunzTarPerm modified mode [ 'nan_converters_43_inl.h', 436, 438 ]
281 silly gunzTarPerm extractEntry nan_converters_pre_43_inl.h
282 silly gunzTarPerm modified mode [ 'nan_converters_pre_43_inl.h', 436, 438 ]
283 silly gunzTarPerm extractEntry nan_implementation_12_inl.h
284 silly gunzTarPerm modified mode [ 'nan_implementation_12_inl.h', 436, 438 ]
285 silly gunzTarPerm extractEntry nan_implementation_pre_12_inl.h
286 silly gunzTarPerm modified mode [ 'nan_implementation_pre_12_inl.h', 436, 438 ]
287 silly gunzTarPerm extractEntry nan_maybe_43_inl.h
288 silly gunzTarPerm modified mode [ 'nan_maybe_43_inl.h', 436, 438 ]
289 silly gunzTarPerm extractEntry nan_maybe_pre_43_inl.h
290 silly gunzTarPerm modified mode [ 'nan_maybe_pre_43_inl.h', 436, 438 ]
291 silly gunzTarPerm extractEntry nan_new.h
292 silly gunzTarPerm modified mode [ 'nan_new.h', 436, 438 ]
293 silly gunzTarPerm extractEntry nan_object_wrap.h
294 silly gunzTarPerm modified mode [ 'nan_object_wrap.h', 436, 438 ]
295 silly gunzTarPerm extractEntry nan_persistent_12_inl.h
296 silly gunzTarPerm modified mode [ 'nan_persistent_12_inl.h', 436, 438 ]
297 silly gunzTarPerm extractEntry nan_persistent_pre_12_inl.h
298 silly gunzTarPerm modified mode [ 'nan_persistent_pre_12_inl.h', 436, 438 ]
299 silly gunzTarPerm extractEntry nan_string_bytes.h
300 silly gunzTarPerm modified mode [ 'nan_string_bytes.h', 436, 438 ]
301 silly gunzTarPerm extractEntry nan_weak.h
302 silly gunzTarPerm modified mode [ 'nan_weak.h', 436, 438 ]
303 silly gunzTarPerm extractEntry CHANGELOG.md
304 silly gunzTarPerm modified mode [ 'CHANGELOG.md', 436, 438 ]
305 silly gunzTarPerm extractEntry tools/package.json
306 silly gunzTarPerm modified mode [ 'tools/package.json', 436, 438 ]
307 silly gunzTarPerm extractEntry tools/README.md
308 silly gunzTarPerm modified mode [ 'tools/README.md', 436, 438 ]
309 silly gunzTarPerm extractEntry tools/1to2.js
310 silly gunzTarPerm modified mode [ 'tools/1to2.js', 509, 511 ]
311 verbose write writing to C:\Users\Mitch Webster\Documents\GT III\ExspressoBackend\node_modules\bcrypt\node_modules\nan\package.json
312 info preinstall nan@2.0.5
313 verbose readDependencies loading dependencies from C:\Users\Mitch Webster\Documents\GT III\ExspressoBackend\node_modules\bcrypt\node_modules\nan\package.json
314 verbose readDependencies loading dependencies from C:\Users\Mitch Webster\Documents\GT III\ExspressoBackend\node_modules\bcrypt\node_modules\nan\package.json
315 silly install resolved []
316 verbose about to build C:\Users\Mitch Webster\Documents\GT III\ExspressoBackend\node_modules\bcrypt\node_modules\nan
317 info build C:\Users\Mitch Webster\Documents\GT III\ExspressoBackend\node_modules\bcrypt\node_modules\nan
318 info linkStuff nan@2.0.5
319 silly linkStuff nan@2.0.5 has C:\Users\Mitch Webster\Documents\GT III\ExspressoBackend\node_modules\bcrypt\node_modules as its parent node_modules
320 verbose linkBins nan@2.0.5
321 verbose linkMans nan@2.0.5
322 verbose rebuildBundles nan@2.0.5
323 info install nan@2.0.5
324 info postinstall nan@2.0.5
325 verbose unlock done using C:\Users\Mitch Webster\AppData\Roaming\npm-cache\_locks\nan-165c3dab3b0ac464.lock for C:\Users\Mitch Webster\Documents\GT III\ExspressoBackend\node_modules\bcrypt\node_modules\nan
326 verbose about to build C:\Users\Mitch Webster\Documents\GT III\ExspressoBackend\node_modules\bcrypt
327 info build C:\Users\Mitch Webster\Documents\GT III\ExspressoBackend\node_modules\bcrypt
328 info linkStuff bcrypt@0.8.5
329 silly linkStuff bcrypt@0.8.5 has C:\Users\Mitch Webster\Documents\GT III\ExspressoBackend\node_modules as its parent node_modules
330 verbose linkBins bcrypt@0.8.5
331 verbose linkMans bcrypt@0.8.5
332 verbose rebuildBundles bcrypt@0.8.5
333 verbose rebuildBundles [ 'bindings', 'nan' ]
334 info install bcrypt@0.8.5
335 verbose unsafe-perm in lifecycle true
336 info bcrypt@0.8.5 Failed to exec install script
337 verbose unlock done using C:\Users\Mitch Webster\AppData\Roaming\npm-cache\_locks\bcrypt-3e01f01dffd24b23.lock for C:\Users\Mitch Webster\Documents\GT III\ExspressoBackend\node_modules\bcrypt
338 verbose stack Error: bcrypt@0.8.5 install: `node-gyp rebuild`
338 verbose stack Exit status 1
338 verbose stack     at EventEmitter.<anonymous> (C:\Program Files\nodejs\node_modules\npm\lib\utils\lifecycle.js:213:16)
338 verbose stack     at EventEmitter.emit (events.js:110:17)
338 verbose stack     at ChildProcess.<anonymous> (C:\Program Files\nodejs\node_modules\npm\lib\utils\spawn.js:24:14)
338 verbose stack     at ChildProcess.emit (events.js:110:17)
338 verbose stack     at maybeClose (child_process.js:1015:16)
338 verbose stack     at Process.ChildProcess._handle.onexit (child_process.js:1087:5)
339 verbose pkgid bcrypt@0.8.5
340 verbose cwd C:\Users\Mitch Webster\Documents\GT III\ExspressoBackend
341 error Windows_NT 6.3.9600
342 error argv "C:\\Program Files\\nodejs\\\\node.exe" "C:\\Program Files\\nodejs\\node_modules\\npm\\bin\\npm-cli.js" "install" "bcrypt" "--save"
343 error node v0.12.4
344 error npm  v2.10.1
345 error code ELIFECYCLE
346 error bcrypt@0.8.5 install: `node-gyp rebuild`
346 error Exit status 1
347 error Failed at the bcrypt@0.8.5 install script 'node-gyp rebuild'.
347 error This is most likely a problem with the bcrypt package,
347 error not with npm itself.
347 error Tell the author that this fails on your system:
347 error     node-gyp rebuild
347 error You can get their info via:
347 error     npm owner ls bcrypt
347 error There is likely additional logging output above.
348 verbose exit [ 1, true ]
349 verbose unbuild node_modules\bcrypt
350 info preuninstall bcrypt@0.8.5
351 info uninstall bcrypt@0.8.5
352 verbose unbuild rmStuff bcrypt@0.8.5 from C:\Users\Mitch Webster\Documents\GT III\ExspressoBackend\node_modules
353 info postuninstall bcrypt@0.8.5
354 silly gentlyRm C:\Users\Mitch Webster\Documents\GT III\ExspressoBackend\node_modules\bcrypt is being purged from base C:\Users\Mitch Webster\Documents\GT III\ExspressoBackend
355 verbose gentlyRm don't care about contents; nuking C:\Users\Mitch Webster\Documents\GT III\ExspressoBackend\node_modules\bcrypt
356 silly vacuum-fs purging C:\Users\Mitch Webster\Documents\GT III\ExspressoBackend\node_modules\bcrypt
357 silly vacuum-fs quitting because other entries in C:\Users\Mitch Webster\Documents\GT III\ExspressoBackend\node_modules
